<!DOCTYPE HTML><html><head><title>Behave Test Report</title><meta content="text/html;charset=utf-8" http-equiv="content-type" /><style type="text/css"><!--
@charset "utf-8"; .passed{}.failed{}.error{}.skipped{}.undefined{}.summary{}.failed_scenarios{}.footer{}body{font-size:0;color:white;margin:0;padding:0}.behave,td,th{font:normal 11px "Lucida Grande",Helvetica,sans-serif;background:white;color:black}.behave #behave-header,td #behave-header,th #behave-header{background:#65c400;color:white;height:8em}.behave #behave-header #expand-collapse p,td #behave-header #expand-collapse p,th #behave-header #expand-collapse p{float:right;margin:0 0 0 10px}.behave .scenario h3,td .scenario h3,th .scenario h3,.background h3{font-size:11px;padding:3px;margin:0;background:#65c400;color:white;font-weight:bold}.background h3{font-size:1.2em;background:#666}.behave h1,td h1,th h1{margin:0 10px 0 10px;padding:10px;font-family:"Lucida Grande",Helvetica,sans-serif;font-size:2em;position:absolute}.behave h4,td h4,th h4{margin-bottom:2px}.behave div.feature,td div.feature,th div.feature{padding:2px;margin:0 10px 5px 10px}.behave div.examples,td div.examples,th div.examples{padding:0 0 0 1em}.behave .stats,td .stats,th .stats{margin:2em}.behave .summary ul.features li,td .summary ul.features li,th .summary ul.features li{display:inline}.behave .step_name,td .step_name,th .step_name{float:left}.behave .step_file,td .step_file,th .step_file{text-align:right;color:#999}.behave .step_file a,td .step_file a,th .step_file a{color:#999}.behave .scenario_file,td .scenario_file,th .scenario_file{float:right;color:#999}.behave .step_duration{padding-left:1em}.behave .tag,td .tag,th .tag{font-weight:bold;color:#246ac1}.behave .backtrace,td .backtrace,th .backtrace{margin-top:0;margin-bottom:0;margin-left:1em;color:black}.behave a,td a,th a{color:#be5c00;margin-right:.5em}.behave a:hover,td a:hover,th a:hover{text-decoration:none}.behave a:visited,td a:visited,th a:visited{font-weight:normal}.behave a div.examples,td a div.examples,th a div.examples{margin:5px 0 5px 15px;color:black}.behave .outline table,td .outline table,th .outline table{margin:0 0 5px 10px}.behave table,td table,th table{border-collapse:collapse}.behave table td,td table td,th table td{padding:3px 3px 3px 5px}.behave table td.failed,.behave table td.passed,.behave table td.skipped,.behave table td.pending,.behave table td.undefined,td table td.failed,td table td.passed,td table td.skipped,td table td.pending{padding-left:18px;padding-right:10px}.behave table td.failed,td table td.failed,th table td.failed{border-left:5px solid #c20000;border-bottom:1px solid #c20000;background:#fffbd3;color:#c20000}.behave table td.passed,td table td.passed,th table td.passed{border-left:5px solid #65c400;border-bottom:1px solid #65c400;background:#dbffb4;color:#3d7700}.behave table td.skipped,td table td.skipped,th table td.skipped{border-left:5px solid aqua;border-bottom:1px solid aqua;background:#e0ffff;color:#011}.behave table td.pending,td table td.pending,th table td.pending{border-left:5px solid #faf834;border-bottom:1px solid #faf834;background:#fcfb98;color:#131313}.behave table td.undefined,td table td.undefined,th table td.undefined{border-left:5px solid #faf834;border-bottom:1px solid #faf834;background:#fcfb98;color:#131313}.behave table td.message,td table td.message,th table td.message{border-left:5px solid aqua;border-bottom:1px solid aqua;background:#e0ffff;color:#011}.behave ol,td ol,th ol{list-style:none;margin:0;padding:0}.behave ol li.step,td ol li.step,th ol li.step{padding:3px 3px 3px 18px;margin:5px 0 5px 5px}.behave ol li,td ol li,th ol li{margin:0 0 0 1em;padding:0 0 0 .2em}.behave ol li span.param,td ol li span.param,th ol li span.param{font-weight:bold}.behave ol li.failed,td ol li.failed,th ol li.failed{border-left:5px solid #c20000;border-bottom:1px solid #c20000;background:#fffbd3;color:#c20000}.behave ol li.passed,td ol li.passed,th ol li.passed{border-left:5px solid #65c400;border-bottom:1px solid #65c400;background:#dbffb4;color:#3d7700}.behave ol li.skipped,td ol li.skipped,th ol li.skipped{border-left:5px solid aqua;border-bottom:1px solid aqua;background:#e0ffff;color:#011}.behave ol li.pending,td ol li.pending,th ol li.pending{border-left:5px solid #faf834;border-bottom:1px solid #faf834;background:#fcfb98;color:#131313}.behave ol li.undefined,td ol li.undefined,th ol li.undefined{border-left:5px solid #faf834;border-bottom:1px solid #faf834;background:#fcfb98;color:#131313}.behave ol li.message,td ol li.message,th ol li.message{border-left:5px solid aqua;border-bottom:1px solid aqua;background:#e0ffff;color:#011;margin-left:10px}.behave #summary,td #summary,th #summary{margin:0;padding:5px 10px;text-align:right;top:0;right:0;float:right}.behave #summary p,td #summary p,th #summary p{margin:0 0 0 2px}.behave #summary #totals,td #summary #totals,th #summary #totals{font-size:1.2em}.behave .scenario h3.failed,td .scenario h3.failed,th .scenario h3.failed,.background h3.failed{background:#c20000}.behave #behave-header.failed,td #behave-header.failed,th #behave-header.failed{background:#c20000}.behave .scenario h3.undefined,td .scenario h3.undefined,th .scenario h3.undefined,.background h3.undefined{background:#faf834;color:black}.behave #behave-header.undefined,td #behave-header.undefined,th #behave-header.undefined{background:#faf834;color:black}#behave-header.failed a{color:white}pre{white-space:pre-wrap}
--></style><script type="text/javascript"><!--
function Collapsible_toggle(id){var elem=document.getElementById(id);elem.style.display=(elem.style.display=='none'?'block':'none');return false;};function Collapsible_expandAll(className){var elems=document.getElementsByClassName(className);for(var i=0;i<elems.length;i++){elems[i].style.display='block';}};function Collapsible_collapseAll(className){var elems=document.getElementsByClassName(className);for(var i=0;i<elems.length;i++){elems[i].style.display='none';}};function Collapsible_expandAllFailed(){var elems=document.getElementsByClassName('failed');for(var i=0;i<elems.length;i++){var elem=elems[i];if(elem.nodeName=='H3'){elem.parentElement.getElementsByTagName('ol')[0].style.display='block';}}}
--></script></head><body><div class="behave"><div id="behave-header" class="failed"><div id="label"><h1>Behave Test Report</h1></div><div id="summary"><p id="totals"><p id="feature_totals">Features: failed: 5</p><p id="scenario_totals">Scenarios: failed: 10, passed: 1</p><p id="step_totals">Steps: skipped: 22, untested: 10, passed: 1, failed: 5</p></p><p id="duration">Finished in 242.4 seconds</p><div id="expand-collapse"><a id="expander" href="#" onclick="Collapsible_expandAll('scenario_steps')">Expand All</a><span> | </span><a id="collapser" href="#" onclick="Collapsible_collapseAll('scenario_steps')">Collapse All</a><span> | </span><a id="failed_expander" href="#" onclick="Collapsible_expandAllFailed()">Expand All Failed</a></div></div></div><div class="feature"><h2><span class="val">Feature: Check the Forgot password functionality</span></h2><span /></div><div class="background"><h3><span class="val">Background: </span></h3><ol /><span /></div><div class="scenario"><span class="scenario_file">features/forgot_password.feature:12</span><span class="tag">@invalid_mail</span><h3 onclick="Collapsible_toggle('scenario_0')" class="failed"><span class="val">Scenario: Check validation error message when email is invalid format</span></h3><ol class="scenario_steps" id="scenario_0"><li class="step passed"><div class="step_name"><span class="keyword">Given </span><span class="step val">login: I am a user on the login page</span><small class="step_duration">(2.393s)</small></div><div class="step_file"><span>steps/login_steps.py:6</span></div><span class="embed" /></li><li class="step passed"><div class="step_name"><span class="keyword">Given </span><span class="step val">base: Close cookies popup</span><small class="step_duration">(10.069s)</small></div><div class="step_file"><span>steps/base_steps.py:4</span></div><span class="embed" /></li><li class="step undefined"><div class="step_name"><span class="keyword">When </span><span class="step val">login: I click on the forgot password link</span><small class="step_duration">(0.000s)</small></div><div class="step_file"><span>&lt;unknown&gt;</span></div><span class="embed" /></li></ol><span /></div><div class="scenario"><span class="scenario_file">features/forgot_password.feature:18</span><span class="tag">@empty_mail</span><h3 onclick="Collapsible_toggle('scenario_1')" class="failed"><span class="val">Scenario: Check validation error message when email is empty</span></h3><ol class="scenario_steps" id="scenario_1"><li class="step passed"><div class="step_name"><span class="keyword">Given </span><span class="step val">login: I am a user on the login page</span><small class="step_duration">(1.261s)</small></div><div class="step_file"><span>steps/login_steps.py:6</span></div><span class="embed" /></li><li class="step passed"><div class="step_name"><span class="keyword">Given </span><span class="step val">base: Close cookies popup</span><small class="step_duration">(10.041s)</small></div><div class="step_file"><span>steps/base_steps.py:4</span></div><span class="embed" /></li><li class="step undefined"><div class="step_name"><span class="keyword">When </span><span class="step val">login: I click on the forgot password link</span><small class="step_duration">(0.000s)</small></div><div class="step_file"><span>&lt;unknown&gt;</span></div><span class="embed" /></li></ol><span /></div><div class="scenario"><span class="scenario_file">features/forgot_password.feature:34</span><span class="tag">@multiple_value_email</span><h3 onclick="Collapsible_toggle('scenario_2')" class="failed"><span class="val">Scenario Outline: Check various email validation -- @1.1 </span></h3><ol class="scenario_steps" id="scenario_2"><li class="step passed"><div class="step_name"><span class="keyword">Given </span><span class="step val">login: I am a user on the login page</span><small class="step_duration">(1.324s)</small></div><div class="step_file"><span>steps/login_steps.py:6</span></div><span class="embed" /></li><li class="step passed"><div class="step_name"><span class="keyword">Given </span><span class="step val">base: Close cookies popup</span><small class="step_duration">(10.043s)</small></div><div class="step_file"><span>steps/base_steps.py:4</span></div><span class="embed" /></li><li class="step undefined"><div class="step_name"><span class="keyword">When </span><span class="step val">login: I click on the forgot password link</span><small class="step_duration">(0.000s)</small></div><div class="step_file"><span>&lt;unknown&gt;</span></div><span class="embed" /></li></ol><span /></div><div class="scenario"><span class="scenario_file">features/forgot_password.feature:35</span><span class="tag">@multiple_value_email</span><h3 onclick="Collapsible_toggle('scenario_3')" class="failed"><span class="val">Scenario Outline: Check various email validation -- @1.2 </span></h3><ol class="scenario_steps" id="scenario_3"><li class="step passed"><div class="step_name"><span class="keyword">Given </span><span class="step val">login: I am a user on the login page</span><small class="step_duration">(1.286s)</small></div><div class="step_file"><span>steps/login_steps.py:6</span></div><span class="embed" /></li><li class="step passed"><div class="step_name"><span class="keyword">Given </span><span class="step val">base: Close cookies popup</span><small class="step_duration">(10.092s)</small></div><div class="step_file"><span>steps/base_steps.py:4</span></div><span class="embed" /></li><li class="step undefined"><div class="step_name"><span class="keyword">When </span><span class="step val">login: I click on the forgot password link</span><small class="step_duration">(0.000s)</small></div><div class="step_file"><span>&lt;unknown&gt;</span></div><span class="embed" /></li></ol><span /></div><div class="scenario"><span class="scenario_file">features/forgot_password.feature:36</span><span class="tag">@multiple_value_email</span><h3 onclick="Collapsible_toggle('scenario_4')" class="failed"><span class="val">Scenario Outline: Check various email validation -- @1.3 </span></h3><ol class="scenario_steps" id="scenario_4"><li class="step passed"><div class="step_name"><span class="keyword">Given </span><span class="step val">login: I am a user on the login page</span><small class="step_duration">(2.085s)</small></div><div class="step_file"><span>steps/login_steps.py:6</span></div><span class="embed" /></li><li class="step passed"><div class="step_name"><span class="keyword">Given </span><span class="step val">base: Close cookies popup</span><small class="step_duration">(10.052s)</small></div><div class="step_file"><span>steps/base_steps.py:4</span></div><span class="embed" /></li><li class="step undefined"><div class="step_name"><span class="keyword">When </span><span class="step val">login: I click on the forgot password link</span><small class="step_duration">(0.000s)</small></div><div class="step_file"><span>&lt;unknown&gt;</span></div><span class="embed" /></li></ol><span /></div><div class="feature"><h2><span class="val">Feature: Check the home page functionality</span></h2><span /></div><div class="background"><h3><span class="val">Background: </span></h3><ol /><span /></div><div class="scenario"><span class="scenario_file">features/home.feature:8</span><span class="tag">@test_home_page</span><h3 onclick="Collapsible_toggle('scenario_5')"><span class="val">Scenario: Verify home page url</span></h3><ol class="scenario_steps" id="scenario_5"><li class="step passed"><div class="step_name"><span class="keyword">Given </span><span class="step val">home: I am on home page</span><small class="step_duration">(6.341s)</small></div><div class="step_file"><span>steps/home_steps.py:4</span></div><span class="embed" /></li><li class="step passed"><div class="step_name"><span class="keyword">Given </span><span class="step val">base: Close cookies popup</span><small class="step_duration">(10.113s)</small></div><div class="step_file"><span>steps/base_steps.py:4</span></div><span class="embed" /></li><li class="step passed"><div class="step_name"><span class="keyword">Then </span><span class="step val"><span>home: Check the url to be "</span><b>https://tenisshop.ro/</b><span>"</span></span><small class="step_duration">(1.013s)</small></div><div class="step_file"><span>steps/home_steps.py:9</span></div><span class="embed" /></li></ol><span /></div><div class="scenario"><span class="scenario_file">features/home.feature:12</span><span class="tag">@home_page_return</span><h3 onclick="Collapsible_toggle('scenario_6')" class="failed"><span class="val">Scenario: Click logo button and return to home</span></h3><ol class="scenario_steps" id="scenario_6"><li class="step passed"><div class="step_name"><span class="keyword">Given </span><span class="step val">home: I am on home page</span><small class="step_duration">(5.772s)</small></div><div class="step_file"><span>steps/home_steps.py:4</span></div><span class="embed" /></li><li class="step passed"><div class="step_name"><span class="keyword">Given </span><span class="step val">base: Close cookies popup</span><small class="step_duration">(10.129s)</small></div><div class="step_file"><span>steps/base_steps.py:4</span></div><span class="embed" /></li><li class="step failed"><div class="step_name"><span class="keyword">When </span><span class="step val">home: I click tenisshop logo</span><small class="step_duration">(6.018s)</small></div><div class="step_file"><span>steps/home_steps.py:14</span></div><span class="embed"><a onclick="Collapsible_toggle('embed_1')">Error Message</a><pre id="embed_1" style="display: none">Traceback (most recent call last):
  File "C:\Users\andbucos\PycharmProjects\pythonProject\Proiect\Tennis-Zone_BDD_Automation_Framework\venv\Lib\site-packages\behave\model.py", line 1329, in run
    match.run(runner.context)
  File "C:\Users\andbucos\PycharmProjects\pythonProject\Proiect\Tennis-Zone_BDD_Automation_Framework\venv\Lib\site-packages\behave\matchers.py", line 98, in run
    self.func(context, *args, **kwargs)
  File "steps\home_steps.py", line 16, in step_impl
    context.home_page.click_logo_img()
  File "C:\Users\andbucos\PycharmProjects\pythonProject\Proiect\Tennis-Zone_BDD_Automation_Framework\pages\home_page.py", line 19, in click_logo_img
    self.driver.find_element(*self.LOGO_IMG).click()
    ^^^^^^^^^^^^^^^^^^^^^^^^^^^^^^^^^^^^^^^^
  File "C:\Users\andbucos\PycharmProjects\pythonProject\Proiect\Tennis-Zone_BDD_Automation_Framework\venv\Lib\site-packages\selenium\webdriver\remote\webdriver.py", line 741, in find_element
    return self.execute(Command.FIND_ELEMENT, {"using": by, "value": value})["value"]
           ^^^^^^^^^^^^^^^^^^^^^^^^^^^^^^^^^^^^^^^^^^^^^^^^^^^^^^^^^^^^^^^^^
  File "C:\Users\andbucos\PycharmProjects\pythonProject\Proiect\Tennis-Zone_BDD_Automation_Framework\venv\Lib\site-packages\selenium\webdriver\remote\webdriver.py", line 347, in execute
    self.error_handler.check_response(response)
  File "C:\Users\andbucos\PycharmProjects\pythonProject\Proiect\Tennis-Zone_BDD_Automation_Framework\venv\Lib\site-packages\selenium\webdriver\remote\errorhandler.py", line 229, in check_response
    raise exception_class(message, screen, stacktrace)
selenium.common.exceptions.NoSuchElementException: Message: no such element: Unable to locate element: {"method":"xpath","selector":"//img[@class="navbar-logo"]"}
  (Session info: chrome=121.0.6167.160); For documentation on this error, please visit: https://www.selenium.dev/documentation/webdriver/troubleshooting/errors#no-such-element-exception
Stacktrace:
	GetHandleVerifier [0x00007FF60C615E42+3538674]
	(No symbol) [0x00007FF60C234C02]
	(No symbol) [0x00007FF60C0E5AEB]
	(No symbol) [0x00007FF60C12BF4E]
	(No symbol) [0x00007FF60C12C0CC]
	(No symbol) [0x00007FF60C16E477]
	(No symbol) [0x00007FF60C14F0EF]
	(No symbol) [0x00007FF60C16BDE3]
	(No symbol) [0x00007FF60C14EE53]
	(No symbol) [0x00007FF60C11F514]
	(No symbol) [0x00007FF60C120631]
	GetHandleVerifier [0x00007FF60C646CAD+3738973]
	GetHandleVerifier [0x00007FF60C69C506+4089270]
	GetHandleVerifier [0x00007FF60C694823+4057299]
	GetHandleVerifier [0x00007FF60C365C49+720121]
	(No symbol) [0x00007FF60C24126F]
	(No symbol) [0x00007FF60C23C304]
	(No symbol) [0x00007FF60C23C432]
	(No symbol) [0x00007FF60C22BD04]
	BaseThreadInitThunk [0x00007FF81BA07344+20]
	RtlUserThreadStart [0x00007FF81BC026B1+33]

</pre>    </span></li></ol><span /></div><div class="scenario"><span class="scenario_file">features/home.feature:24</span><span class="tag">@cat_and_subcat</span><h3 onclick="Collapsible_toggle('scenario_7')" class="failed"><span class="val">Scenario Outline: Hovering over category and subcategory -- @1.1 </span></h3><ol class="scenario_steps" id="scenario_7"><li class="step passed"><div class="step_name"><span class="keyword">Given </span><span class="step val">home: I am on home page</span><small class="step_duration">(5.699s)</small></div><div class="step_file"><span>steps/home_steps.py:4</span></div><span class="embed" /></li><li class="step passed"><div class="step_name"><span class="keyword">Given </span><span class="step val">base: Close cookies popup</span><small class="step_duration">(10.092s)</small></div><div class="step_file"><span>steps/base_steps.py:4</span></div><span class="embed" /></li><li class="step failed"><div class="step_name"><span class="keyword">When </span><span class="step val">home: I click the menu button</span><small class="step_duration">(6.051s)</small></div><div class="step_file"><span>steps/home_steps.py:29</span></div><span class="embed"><a onclick="Collapsible_toggle('embed_2')">Error Message</a><pre id="embed_2" style="display: none">Traceback (most recent call last):
  File "C:\Users\andbucos\PycharmProjects\pythonProject\Proiect\Tennis-Zone_BDD_Automation_Framework\venv\Lib\site-packages\behave\model.py", line 1329, in run
    match.run(runner.context)
  File "C:\Users\andbucos\PycharmProjects\pythonProject\Proiect\Tennis-Zone_BDD_Automation_Framework\venv\Lib\site-packages\behave\matchers.py", line 98, in run
    self.func(context, *args, **kwargs)
  File "steps\home_steps.py", line 31, in step_impl
    context.home_page.click_menu_btn()
  File "C:\Users\andbucos\PycharmProjects\pythonProject\Proiect\Tennis-Zone_BDD_Automation_Framework\pages\home_page.py", line 36, in click_menu_btn
    self.driver.find_element(*self.MENU_BTN).click()
    ^^^^^^^^^^^^^^^^^^^^^^^^^^^^^^^^^^^^^^^^
  File "C:\Users\andbucos\PycharmProjects\pythonProject\Proiect\Tennis-Zone_BDD_Automation_Framework\venv\Lib\site-packages\selenium\webdriver\remote\webdriver.py", line 741, in find_element
    return self.execute(Command.FIND_ELEMENT, {"using": by, "value": value})["value"]
           ^^^^^^^^^^^^^^^^^^^^^^^^^^^^^^^^^^^^^^^^^^^^^^^^^^^^^^^^^^^^^^^^^
  File "C:\Users\andbucos\PycharmProjects\pythonProject\Proiect\Tennis-Zone_BDD_Automation_Framework\venv\Lib\site-packages\selenium\webdriver\remote\webdriver.py", line 347, in execute
    self.error_handler.check_response(response)
  File "C:\Users\andbucos\PycharmProjects\pythonProject\Proiect\Tennis-Zone_BDD_Automation_Framework\venv\Lib\site-packages\selenium\webdriver\remote\errorhandler.py", line 229, in check_response
    raise exception_class(message, screen, stacktrace)
selenium.common.exceptions.NoSuchElementException: Message: no such element: Unable to locate element: {"method":"xpath","selector":"//button[@id="burger-main-menu-toggle"]"}
  (Session info: chrome=121.0.6167.160); For documentation on this error, please visit: https://www.selenium.dev/documentation/webdriver/troubleshooting/errors#no-such-element-exception
Stacktrace:
	GetHandleVerifier [0x00007FF60C615E42+3538674]
	(No symbol) [0x00007FF60C234C02]
	(No symbol) [0x00007FF60C0E5AEB]
	(No symbol) [0x00007FF60C12BF4E]
	(No symbol) [0x00007FF60C12C0CC]
	(No symbol) [0x00007FF60C16E477]
	(No symbol) [0x00007FF60C14F0EF]
	(No symbol) [0x00007FF60C16BDE3]
	(No symbol) [0x00007FF60C14EE53]
	(No symbol) [0x00007FF60C11F514]
	(No symbol) [0x00007FF60C120631]
	GetHandleVerifier [0x00007FF60C646CAD+3738973]
	GetHandleVerifier [0x00007FF60C69C506+4089270]
	GetHandleVerifier [0x00007FF60C694823+4057299]
	GetHandleVerifier [0x00007FF60C365C49+720121]
	(No symbol) [0x00007FF60C24126F]
	(No symbol) [0x00007FF60C23C304]
	(No symbol) [0x00007FF60C23C432]
	(No symbol) [0x00007FF60C22BD04]
	BaseThreadInitThunk [0x00007FF81BA07344+20]
	RtlUserThreadStart [0x00007FF81BC026B1+33]

</pre>    </span></li></ol><span /></div><div class="scenario"><span class="scenario_file">features/home.feature:25</span><span class="tag">@cat_and_subcat</span><h3 onclick="Collapsible_toggle('scenario_8')" class="failed"><span class="val">Scenario Outline: Hovering over category and subcategory -- @1.2 </span></h3><ol class="scenario_steps" id="scenario_8"><li class="step passed"><div class="step_name"><span class="keyword">Given </span><span class="step val">home: I am on home page</span><small class="step_duration">(5.671s)</small></div><div class="step_file"><span>steps/home_steps.py:4</span></div><span class="embed" /></li><li class="step passed"><div class="step_name"><span class="keyword">Given </span><span class="step val">base: Close cookies popup</span><small class="step_duration">(10.061s)</small></div><div class="step_file"><span>steps/base_steps.py:4</span></div><span class="embed" /></li><li class="step failed"><div class="step_name"><span class="keyword">When </span><span class="step val">home: I click the menu button</span><small class="step_duration">(6.042s)</small></div><div class="step_file"><span>steps/home_steps.py:29</span></div><span class="embed"><a onclick="Collapsible_toggle('embed_3')">Error Message</a><pre id="embed_3" style="display: none">Traceback (most recent call last):
  File "C:\Users\andbucos\PycharmProjects\pythonProject\Proiect\Tennis-Zone_BDD_Automation_Framework\venv\Lib\site-packages\behave\model.py", line 1329, in run
    match.run(runner.context)
  File "C:\Users\andbucos\PycharmProjects\pythonProject\Proiect\Tennis-Zone_BDD_Automation_Framework\venv\Lib\site-packages\behave\matchers.py", line 98, in run
    self.func(context, *args, **kwargs)
  File "steps\home_steps.py", line 31, in step_impl
    context.home_page.click_menu_btn()
  File "C:\Users\andbucos\PycharmProjects\pythonProject\Proiect\Tennis-Zone_BDD_Automation_Framework\pages\home_page.py", line 36, in click_menu_btn
    self.driver.find_element(*self.MENU_BTN).click()
    ^^^^^^^^^^^^^^^^^^^^^^^^^^^^^^^^^^^^^^^^
  File "C:\Users\andbucos\PycharmProjects\pythonProject\Proiect\Tennis-Zone_BDD_Automation_Framework\venv\Lib\site-packages\selenium\webdriver\remote\webdriver.py", line 741, in find_element
    return self.execute(Command.FIND_ELEMENT, {"using": by, "value": value})["value"]
           ^^^^^^^^^^^^^^^^^^^^^^^^^^^^^^^^^^^^^^^^^^^^^^^^^^^^^^^^^^^^^^^^^
  File "C:\Users\andbucos\PycharmProjects\pythonProject\Proiect\Tennis-Zone_BDD_Automation_Framework\venv\Lib\site-packages\selenium\webdriver\remote\webdriver.py", line 347, in execute
    self.error_handler.check_response(response)
  File "C:\Users\andbucos\PycharmProjects\pythonProject\Proiect\Tennis-Zone_BDD_Automation_Framework\venv\Lib\site-packages\selenium\webdriver\remote\errorhandler.py", line 229, in check_response
    raise exception_class(message, screen, stacktrace)
selenium.common.exceptions.NoSuchElementException: Message: no such element: Unable to locate element: {"method":"xpath","selector":"//button[@id="burger-main-menu-toggle"]"}
  (Session info: chrome=121.0.6167.160); For documentation on this error, please visit: https://www.selenium.dev/documentation/webdriver/troubleshooting/errors#no-such-element-exception
Stacktrace:
	GetHandleVerifier [0x00007FF60C615E42+3538674]
	(No symbol) [0x00007FF60C234C02]
	(No symbol) [0x00007FF60C0E5AEB]
	(No symbol) [0x00007FF60C12BF4E]
	(No symbol) [0x00007FF60C12C0CC]
	(No symbol) [0x00007FF60C16E477]
	(No symbol) [0x00007FF60C14F0EF]
	(No symbol) [0x00007FF60C16BDE3]
	(No symbol) [0x00007FF60C14EE53]
	(No symbol) [0x00007FF60C11F514]
	(No symbol) [0x00007FF60C120631]
	GetHandleVerifier [0x00007FF60C646CAD+3738973]
	GetHandleVerifier [0x00007FF60C69C506+4089270]
	GetHandleVerifier [0x00007FF60C694823+4057299]
	GetHandleVerifier [0x00007FF60C365C49+720121]
	(No symbol) [0x00007FF60C24126F]
	(No symbol) [0x00007FF60C23C304]
	(No symbol) [0x00007FF60C23C432]
	(No symbol) [0x00007FF60C22BD04]
	BaseThreadInitThunk [0x00007FF81BA07344+20]
	RtlUserThreadStart [0x00007FF81BC026B1+33]

</pre>    </span></li></ol><span /></div><div class="feature"><h2><span class="val">Feature: Check the Login functionality</span></h2><span /></div><div class="background"><h3><span class="val">Background: </span></h3><ol /><span /></div><div class="scenario"><span class="scenario_file">features/login.feature:8</span><span class="tag">@login_test</span><h3 onclick="Collapsible_toggle('scenario_9')" class="failed"><span class="val">Scenario: Enter wrong credentials and check the error</span></h3><ol class="scenario_steps" id="scenario_9"><li class="step passed"><div class="step_name"><span class="keyword">Given </span><span class="step val">login: I am a user on the login page</span><small class="step_duration">(1.255s)</small></div><div class="step_file"><span>steps/login_steps.py:6</span></div><span class="embed" /></li><li class="step passed"><div class="step_name"><span class="keyword">Given </span><span class="step val">base: Close cookies popup</span><small class="step_duration">(10.069s)</small></div><div class="step_file"><span>steps/base_steps.py:4</span></div><span class="embed" /></li><li class="step failed"><div class="step_name"><span class="keyword">When </span><span class="step val"><span>login: I fill in an email "</span><b>email@mail.com</b><span>"</span></span><small class="step_duration">(5.043s)</small></div><div class="step_file"><span>steps/login_steps.py:11</span></div><span class="embed"><a onclick="Collapsible_toggle('embed_4')">Error Message</a><pre id="embed_4" style="display: none">Traceback (most recent call last):
  File "C:\Users\andbucos\PycharmProjects\pythonProject\Proiect\Tennis-Zone_BDD_Automation_Framework\venv\Lib\site-packages\behave\model.py", line 1329, in run
    match.run(runner.context)
  File "C:\Users\andbucos\PycharmProjects\pythonProject\Proiect\Tennis-Zone_BDD_Automation_Framework\venv\Lib\site-packages\behave\matchers.py", line 98, in run
    self.func(context, *args, **kwargs)
  File "steps\login_steps.py", line 13, in step_impl
    context.login_page.set_email(email)
  File "C:\Users\andbucos\PycharmProjects\pythonProject\Proiect\Tennis-Zone_BDD_Automation_Framework\pages\login_page.py", line 23, in set_email
    self.driver.find_element(*self.EMAIL_INPUT).send_keys(email)
    ^^^^^^^^^^^^^^^^^^^^^^^^^^^^^^^^^^^^^^^^^^^
  File "C:\Users\andbucos\PycharmProjects\pythonProject\Proiect\Tennis-Zone_BDD_Automation_Framework\venv\Lib\site-packages\selenium\webdriver\remote\webdriver.py", line 741, in find_element
    return self.execute(Command.FIND_ELEMENT, {"using": by, "value": value})["value"]
           ^^^^^^^^^^^^^^^^^^^^^^^^^^^^^^^^^^^^^^^^^^^^^^^^^^^^^^^^^^^^^^^^^
  File "C:\Users\andbucos\PycharmProjects\pythonProject\Proiect\Tennis-Zone_BDD_Automation_Framework\venv\Lib\site-packages\selenium\webdriver\remote\webdriver.py", line 347, in execute
    self.error_handler.check_response(response)
  File "C:\Users\andbucos\PycharmProjects\pythonProject\Proiect\Tennis-Zone_BDD_Automation_Framework\venv\Lib\site-packages\selenium\webdriver\remote\errorhandler.py", line 229, in check_response
    raise exception_class(message, screen, stacktrace)
selenium.common.exceptions.NoSuchElementException: Message: no such element: Unable to locate element: {"method":"css selector","selector":"[name="login[credentials]"]"}
  (Session info: chrome=121.0.6167.160); For documentation on this error, please visit: https://www.selenium.dev/documentation/webdriver/troubleshooting/errors#no-such-element-exception
Stacktrace:
	GetHandleVerifier [0x00007FF60C615E42+3538674]
	(No symbol) [0x00007FF60C234C02]
	(No symbol) [0x00007FF60C0E5AEB]
	(No symbol) [0x00007FF60C12BF4E]
	(No symbol) [0x00007FF60C12C0CC]
	(No symbol) [0x00007FF60C16E477]
	(No symbol) [0x00007FF60C14F0EF]
	(No symbol) [0x00007FF60C16BDE3]
	(No symbol) [0x00007FF60C14EE53]
	(No symbol) [0x00007FF60C11F514]
	(No symbol) [0x00007FF60C120631]
	GetHandleVerifier [0x00007FF60C646CAD+3738973]
	GetHandleVerifier [0x00007FF60C69C506+4089270]
	GetHandleVerifier [0x00007FF60C694823+4057299]
	GetHandleVerifier [0x00007FF60C365C49+720121]
	(No symbol) [0x00007FF60C24126F]
	(No symbol) [0x00007FF60C23C304]
	(No symbol) [0x00007FF60C23C432]
	(No symbol) [0x00007FF60C22BD04]
	BaseThreadInitThunk [0x00007FF81BA07344+20]
	RtlUserThreadStart [0x00007FF81BC026B1+33]

</pre>    </span></li></ol><span /></div><div class="scenario"><span class="scenario_file">features/login.feature:15</span><span class="tag">@empty_login_test</span><h3 onclick="Collapsible_toggle('scenario_10')" class="failed"><span class="val">Scenario: Leave empty login fields</span></h3><ol class="scenario_steps" id="scenario_10"><li class="step passed"><div class="step_name"><span class="keyword">Given </span><span class="step val">login: I am a user on the login page</span><small class="step_duration">(1.077s)</small></div><div class="step_file"><span>steps/login_steps.py:6</span></div><span class="embed" /></li><li class="step passed"><div class="step_name"><span class="keyword">Given </span><span class="step val">base: Close cookies popup</span><small class="step_duration">(10.054s)</small></div><div class="step_file"><span>steps/base_steps.py:4</span></div><span class="embed" /></li><li class="step failed"><div class="step_name"><span class="keyword">When </span><span class="step val">login: I make sure that email input is cleared</span><small class="step_duration">(5.014s)</small></div><div class="step_file"><span>steps/login_steps.py:36</span></div><span class="embed"><a onclick="Collapsible_toggle('embed_5')">Error Message</a><pre id="embed_5" style="display: none">Traceback (most recent call last):
  File "C:\Users\andbucos\PycharmProjects\pythonProject\Proiect\Tennis-Zone_BDD_Automation_Framework\venv\Lib\site-packages\behave\model.py", line 1329, in run
    match.run(runner.context)
  File "C:\Users\andbucos\PycharmProjects\pythonProject\Proiect\Tennis-Zone_BDD_Automation_Framework\venv\Lib\site-packages\behave\matchers.py", line 98, in run
    self.func(context, *args, **kwargs)
  File "steps\login_steps.py", line 38, in step_impl
    context.login_page.clean_email_field()
  File "C:\Users\andbucos\PycharmProjects\pythonProject\Proiect\Tennis-Zone_BDD_Automation_Framework\pages\login_page.py", line 46, in clean_email_field
    self.driver.find_element(*self.EMAIL_INPUT).clear()
    ^^^^^^^^^^^^^^^^^^^^^^^^^^^^^^^^^^^^^^^^^^^
  File "C:\Users\andbucos\PycharmProjects\pythonProject\Proiect\Tennis-Zone_BDD_Automation_Framework\venv\Lib\site-packages\selenium\webdriver\remote\webdriver.py", line 741, in find_element
    return self.execute(Command.FIND_ELEMENT, {"using": by, "value": value})["value"]
           ^^^^^^^^^^^^^^^^^^^^^^^^^^^^^^^^^^^^^^^^^^^^^^^^^^^^^^^^^^^^^^^^^
  File "C:\Users\andbucos\PycharmProjects\pythonProject\Proiect\Tennis-Zone_BDD_Automation_Framework\venv\Lib\site-packages\selenium\webdriver\remote\webdriver.py", line 347, in execute
    self.error_handler.check_response(response)
  File "C:\Users\andbucos\PycharmProjects\pythonProject\Proiect\Tennis-Zone_BDD_Automation_Framework\venv\Lib\site-packages\selenium\webdriver\remote\errorhandler.py", line 229, in check_response
    raise exception_class(message, screen, stacktrace)
selenium.common.exceptions.NoSuchElementException: Message: no such element: Unable to locate element: {"method":"css selector","selector":"[name="login[credentials]"]"}
  (Session info: chrome=121.0.6167.160); For documentation on this error, please visit: https://www.selenium.dev/documentation/webdriver/troubleshooting/errors#no-such-element-exception
Stacktrace:
	GetHandleVerifier [0x00007FF60C615E42+3538674]
	(No symbol) [0x00007FF60C234C02]
	(No symbol) [0x00007FF60C0E5AEB]
	(No symbol) [0x00007FF60C12BF4E]
	(No symbol) [0x00007FF60C12C0CC]
	(No symbol) [0x00007FF60C16E477]
	(No symbol) [0x00007FF60C14F0EF]
	(No symbol) [0x00007FF60C16BDE3]
	(No symbol) [0x00007FF60C14EE53]
	(No symbol) [0x00007FF60C11F514]
	(No symbol) [0x00007FF60C120631]
	GetHandleVerifier [0x00007FF60C646CAD+3738973]
	GetHandleVerifier [0x00007FF60C69C506+4089270]
	GetHandleVerifier [0x00007FF60C694823+4057299]
	GetHandleVerifier [0x00007FF60C365C49+720121]
	(No symbol) [0x00007FF60C24126F]
	(No symbol) [0x00007FF60C23C304]
	(No symbol) [0x00007FF60C23C432]
	(No symbol) [0x00007FF60C22BD04]
	BaseThreadInitThunk [0x00007FF81BA07344+20]
	RtlUserThreadStart [0x00007FF81BC026B1+33]

</pre>    </span></li></ol><span /></div><div class="feature"><h2><span class="val">Feature: Check the register functionality</span></h2><span /></div><div class="background"><h3><span class="val">Background: </span></h3><ol /><span /></div><div class="scenario"><span class="scenario_file">features/register.feature:7</span><span class="tag">@register_successfull</span><h3 onclick="Collapsible_toggle('scenario_11')" class="failed"><span class="val">Scenario: Enter correct credentials and create a new account</span></h3><ol class="scenario_steps" id="scenario_11"><li class="step passed"><div class="step_name"><span class="keyword">Given </span><span class="step val">register: I am a user on the register page</span><small class="step_duration">(11.347s)</small></div><div class="step_file"><span>steps/register_steps.py:3</span></div><span class="embed" /></li><li class="step failed"><div class="step_name"><span class="keyword">When </span><span class="step val"><span>register: I fill in an user "</span><b>andrei.bucos@yahoo.com</b><span>"</span></span><small class="step_duration">(5.068s)</small></div><div class="step_file"><span>steps/register_steps.py:8</span></div><span class="embed"><a onclick="Collapsible_toggle('embed_6')">Error Message</a><pre id="embed_6" style="display: none">Traceback (most recent call last):
  File "C:\Users\andbucos\PycharmProjects\pythonProject\Proiect\Tennis-Zone_BDD_Automation_Framework\venv\Lib\site-packages\behave\model.py", line 1329, in run
    match.run(runner.context)
  File "C:\Users\andbucos\PycharmProjects\pythonProject\Proiect\Tennis-Zone_BDD_Automation_Framework\venv\Lib\site-packages\behave\matchers.py", line 98, in run
    self.func(context, *args, **kwargs)
  File "steps\register_steps.py", line 10, in step_impl
    context.register_page.insert_email(user)
  File "C:\Users\andbucos\PycharmProjects\pythonProject\Proiect\Tennis-Zone_BDD_Automation_Framework\pages\register_page.py", line 19, in insert_email
    self.driver.find_element(*self.EMAIL_INPUT).send_keys(user)
    ^^^^^^^^^^^^^^^^^^^^^^^^^^^^^^^^^^^^^^^^^^^
  File "C:\Users\andbucos\PycharmProjects\pythonProject\Proiect\Tennis-Zone_BDD_Automation_Framework\venv\Lib\site-packages\selenium\webdriver\remote\webdriver.py", line 741, in find_element
    return self.execute(Command.FIND_ELEMENT, {"using": by, "value": value})["value"]
           ^^^^^^^^^^^^^^^^^^^^^^^^^^^^^^^^^^^^^^^^^^^^^^^^^^^^^^^^^^^^^^^^^
  File "C:\Users\andbucos\PycharmProjects\pythonProject\Proiect\Tennis-Zone_BDD_Automation_Framework\venv\Lib\site-packages\selenium\webdriver\remote\webdriver.py", line 347, in execute
    self.error_handler.check_response(response)
  File "C:\Users\andbucos\PycharmProjects\pythonProject\Proiect\Tennis-Zone_BDD_Automation_Framework\venv\Lib\site-packages\selenium\webdriver\remote\errorhandler.py", line 229, in check_response
    raise exception_class(message, screen, stacktrace)
selenium.common.exceptions.NoSuchElementException: Message: no such element: Unable to locate element: {"method":"css selector","selector":"[id="pizokel_customer_register_email"]"}
  (Session info: chrome=121.0.6167.160); For documentation on this error, please visit: https://www.selenium.dev/documentation/webdriver/troubleshooting/errors#no-such-element-exception
Stacktrace:
	GetHandleVerifier [0x00007FF60C615E42+3538674]
	(No symbol) [0x00007FF60C234C02]
	(No symbol) [0x00007FF60C0E5AEB]
	(No symbol) [0x00007FF60C12BF4E]
	(No symbol) [0x00007FF60C12C0CC]
	(No symbol) [0x00007FF60C16E477]
	(No symbol) [0x00007FF60C14F0EF]
	(No symbol) [0x00007FF60C16BDE3]
	(No symbol) [0x00007FF60C14EE53]
	(No symbol) [0x00007FF60C11F514]
	(No symbol) [0x00007FF60C120631]
	GetHandleVerifier [0x00007FF60C646CAD+3738973]
	GetHandleVerifier [0x00007FF60C69C506+4089270]
	GetHandleVerifier [0x00007FF60C694823+4057299]
	GetHandleVerifier [0x00007FF60C365C49+720121]
	(No symbol) [0x00007FF60C24126F]
	(No symbol) [0x00007FF60C23C304]
	(No symbol) [0x00007FF60C23C432]
	(No symbol) [0x00007FF60C22BD04]
	BaseThreadInitThunk [0x00007FF81BA07344+20]
	RtlUserThreadStart [0x00007FF81BC026B1+33]

</pre>    </span></li></ol><span /></div><div class="scenario"><span class="scenario_file">features/register.feature:16</span><span class="tag">@client_already_registered</span><h3 onclick="Collapsible_toggle('scenario_12')" class="failed"><span class="val">Scenario: Try to register with the credentials of an created account</span></h3><ol class="scenario_steps" id="scenario_12"><li class="step passed"><div class="step_name"><span class="keyword">Given </span><span class="step val">register: I am a user on the register page</span><small class="step_duration">(11.376s)</small></div><div class="step_file"><span>steps/register_steps.py:3</span></div><span class="embed" /></li><li class="step failed"><div class="step_name"><span class="keyword">When </span><span class="step val"><span>register: I fill in an user "</span><b>andrei.bucos@yahoo.com</b><span>"</span></span><small class="step_duration">(5.046s)</small></div><div class="step_file"><span>steps/register_steps.py:8</span></div><span class="embed"><a onclick="Collapsible_toggle('embed_7')">Error Message</a><pre id="embed_7" style="display: none">Traceback (most recent call last):
  File "C:\Users\andbucos\PycharmProjects\pythonProject\Proiect\Tennis-Zone_BDD_Automation_Framework\venv\Lib\site-packages\behave\model.py", line 1329, in run
    match.run(runner.context)
  File "C:\Users\andbucos\PycharmProjects\pythonProject\Proiect\Tennis-Zone_BDD_Automation_Framework\venv\Lib\site-packages\behave\matchers.py", line 98, in run
    self.func(context, *args, **kwargs)
  File "steps\register_steps.py", line 10, in step_impl
    context.register_page.insert_email(user)
  File "C:\Users\andbucos\PycharmProjects\pythonProject\Proiect\Tennis-Zone_BDD_Automation_Framework\pages\register_page.py", line 19, in insert_email
    self.driver.find_element(*self.EMAIL_INPUT).send_keys(user)
    ^^^^^^^^^^^^^^^^^^^^^^^^^^^^^^^^^^^^^^^^^^^
  File "C:\Users\andbucos\PycharmProjects\pythonProject\Proiect\Tennis-Zone_BDD_Automation_Framework\venv\Lib\site-packages\selenium\webdriver\remote\webdriver.py", line 741, in find_element
    return self.execute(Command.FIND_ELEMENT, {"using": by, "value": value})["value"]
           ^^^^^^^^^^^^^^^^^^^^^^^^^^^^^^^^^^^^^^^^^^^^^^^^^^^^^^^^^^^^^^^^^
  File "C:\Users\andbucos\PycharmProjects\pythonProject\Proiect\Tennis-Zone_BDD_Automation_Framework\venv\Lib\site-packages\selenium\webdriver\remote\webdriver.py", line 347, in execute
    self.error_handler.check_response(response)
  File "C:\Users\andbucos\PycharmProjects\pythonProject\Proiect\Tennis-Zone_BDD_Automation_Framework\venv\Lib\site-packages\selenium\webdriver\remote\errorhandler.py", line 229, in check_response
    raise exception_class(message, screen, stacktrace)
selenium.common.exceptions.NoSuchElementException: Message: no such element: Unable to locate element: {"method":"css selector","selector":"[id="pizokel_customer_register_email"]"}
  (Session info: chrome=121.0.6167.160); For documentation on this error, please visit: https://www.selenium.dev/documentation/webdriver/troubleshooting/errors#no-such-element-exception
Stacktrace:
	GetHandleVerifier [0x00007FF60C615E42+3538674]
	(No symbol) [0x00007FF60C234C02]
	(No symbol) [0x00007FF60C0E5AEB]
	(No symbol) [0x00007FF60C12BF4E]
	(No symbol) [0x00007FF60C12C0CC]
	(No symbol) [0x00007FF60C16E477]
	(No symbol) [0x00007FF60C14F0EF]
	(No symbol) [0x00007FF60C16BDE3]
	(No symbol) [0x00007FF60C14EE53]
	(No symbol) [0x00007FF60C11F514]
	(No symbol) [0x00007FF60C120631]
	GetHandleVerifier [0x00007FF60C646CAD+3738973]
	GetHandleVerifier [0x00007FF60C69C506+4089270]
	GetHandleVerifier [0x00007FF60C694823+4057299]
	GetHandleVerifier [0x00007FF60C365C49+720121]
	(No symbol) [0x00007FF60C24126F]
	(No symbol) [0x00007FF60C23C304]
	(No symbol) [0x00007FF60C23C432]
	(No symbol) [0x00007FF60C22BD04]
	BaseThreadInitThunk [0x00007FF81BA07344+20]
	RtlUserThreadStart [0x00007FF81BC026B1+33]

</pre>    </span></li></ol><span /></div><div class="feature"><h2><span class="val">Feature: Tennis-Zone search feature</span></h2><span /></div><div class="background"><h3><span class="val">Background: </span></h3><ol /><span /></div><div class="scenario"><span class="scenario_file">features/search.feature:14</span><span class="tag">@search</span><h3 onclick="Collapsible_toggle('scenario_13')" class="failed"><span class="val">Scenario Outline: Test search functionality -- @1.1 </span></h3><ol class="scenario_steps" id="scenario_13"><li class="step passed"><div class="step_name"><span class="keyword">Given </span><span class="step val">home: I am on home page</span><small class="step_duration">(5.741s)</small></div><div class="step_file"><span>steps/home_steps.py:4</span></div><span class="embed" /></li><li class="step failed"><div class="step_name"><span class="keyword">When </span><span class="step val"><span>home: I search after "</span><b>rachete</b><span>"</span></span><small class="step_duration">(6.056s)</small></div><div class="step_file"><span>steps/home_steps.py:19</span></div><span class="embed"><a onclick="Collapsible_toggle('embed_8')">Error Message</a><pre id="embed_8" style="display: none">Traceback (most recent call last):
  File "C:\Users\andbucos\PycharmProjects\pythonProject\Proiect\Tennis-Zone_BDD_Automation_Framework\venv\Lib\site-packages\behave\model.py", line 1329, in run
    match.run(runner.context)
  File "C:\Users\andbucos\PycharmProjects\pythonProject\Proiect\Tennis-Zone_BDD_Automation_Framework\venv\Lib\site-packages\behave\matchers.py", line 98, in run
    self.func(context, *args, **kwargs)
  File "steps\home_steps.py", line 21, in step_impl
    context.home_page.search_after(query)
  File "C:\Users\andbucos\PycharmProjects\pythonProject\Proiect\Tennis-Zone_BDD_Automation_Framework\pages\home_page.py", line 23, in search_after
    self.driver.find_element(*self.SEARCH_INPUT).send_keys(query)
    ^^^^^^^^^^^^^^^^^^^^^^^^^^^^^^^^^^^^^^^^^^^^
  File "C:\Users\andbucos\PycharmProjects\pythonProject\Proiect\Tennis-Zone_BDD_Automation_Framework\venv\Lib\site-packages\selenium\webdriver\remote\webdriver.py", line 741, in find_element
    return self.execute(Command.FIND_ELEMENT, {"using": by, "value": value})["value"]
           ^^^^^^^^^^^^^^^^^^^^^^^^^^^^^^^^^^^^^^^^^^^^^^^^^^^^^^^^^^^^^^^^^
  File "C:\Users\andbucos\PycharmProjects\pythonProject\Proiect\Tennis-Zone_BDD_Automation_Framework\venv\Lib\site-packages\selenium\webdriver\remote\webdriver.py", line 347, in execute
    self.error_handler.check_response(response)
  File "C:\Users\andbucos\PycharmProjects\pythonProject\Proiect\Tennis-Zone_BDD_Automation_Framework\venv\Lib\site-packages\selenium\webdriver\remote\errorhandler.py", line 229, in check_response
    raise exception_class(message, screen, stacktrace)
selenium.common.exceptions.NoSuchElementException: Message: no such element: Unable to locate element: {"method":"xpath","selector":"//input[@id="search"]"}
  (Session info: chrome=121.0.6167.160); For documentation on this error, please visit: https://www.selenium.dev/documentation/webdriver/troubleshooting/errors#no-such-element-exception
Stacktrace:
	GetHandleVerifier [0x00007FF60C615E42+3538674]
	(No symbol) [0x00007FF60C234C02]
	(No symbol) [0x00007FF60C0E5AEB]
	(No symbol) [0x00007FF60C12BF4E]
	(No symbol) [0x00007FF60C12C0CC]
	(No symbol) [0x00007FF60C16E477]
	(No symbol) [0x00007FF60C14F0EF]
	(No symbol) [0x00007FF60C16BDE3]
	(No symbol) [0x00007FF60C14EE53]
	(No symbol) [0x00007FF60C11F514]
	(No symbol) [0x00007FF60C120631]
	GetHandleVerifier [0x00007FF60C646CAD+3738973]
	GetHandleVerifier [0x00007FF60C69C506+4089270]
	GetHandleVerifier [0x00007FF60C694823+4057299]
	GetHandleVerifier [0x00007FF60C365C49+720121]
	(No symbol) [0x00007FF60C24126F]
	(No symbol) [0x00007FF60C23C304]
	(No symbol) [0x00007FF60C23C432]
	(No symbol) [0x00007FF60C22BD04]
	BaseThreadInitThunk [0x00007FF81BA07344+20]
	RtlUserThreadStart [0x00007FF81BC026B1+33]

</pre>    </span></li></ol><span /></div><div class="scenario"><span class="scenario_file">features/search.feature:15</span><span class="tag">@search</span><h3 onclick="Collapsible_toggle('scenario_14')" class="failed"><span class="val">Scenario Outline: Test search functionality -- @1.2 </span></h3><ol class="scenario_steps" id="scenario_14"><li class="step passed"><div class="step_name"><span class="keyword">Given </span><span class="step val">home: I am on home page</span><small class="step_duration">(5.625s)</small></div><div class="step_file"><span>steps/home_steps.py:4</span></div><span class="embed" /></li><li class="step failed"><div class="step_name"><span class="keyword">When </span><span class="step val"><span>home: I search after "</span><b>mingi</b><span>"</span></span><small class="step_duration">(6.039s)</small></div><div class="step_file"><span>steps/home_steps.py:19</span></div><span class="embed"><a onclick="Collapsible_toggle('embed_9')">Error Message</a><pre id="embed_9" style="display: none">Traceback (most recent call last):
  File "C:\Users\andbucos\PycharmProjects\pythonProject\Proiect\Tennis-Zone_BDD_Automation_Framework\venv\Lib\site-packages\behave\model.py", line 1329, in run
    match.run(runner.context)
  File "C:\Users\andbucos\PycharmProjects\pythonProject\Proiect\Tennis-Zone_BDD_Automation_Framework\venv\Lib\site-packages\behave\matchers.py", line 98, in run
    self.func(context, *args, **kwargs)
  File "steps\home_steps.py", line 21, in step_impl
    context.home_page.search_after(query)
  File "C:\Users\andbucos\PycharmProjects\pythonProject\Proiect\Tennis-Zone_BDD_Automation_Framework\pages\home_page.py", line 23, in search_after
    self.driver.find_element(*self.SEARCH_INPUT).send_keys(query)
    ^^^^^^^^^^^^^^^^^^^^^^^^^^^^^^^^^^^^^^^^^^^^
  File "C:\Users\andbucos\PycharmProjects\pythonProject\Proiect\Tennis-Zone_BDD_Automation_Framework\venv\Lib\site-packages\selenium\webdriver\remote\webdriver.py", line 741, in find_element
    return self.execute(Command.FIND_ELEMENT, {"using": by, "value": value})["value"]
           ^^^^^^^^^^^^^^^^^^^^^^^^^^^^^^^^^^^^^^^^^^^^^^^^^^^^^^^^^^^^^^^^^
  File "C:\Users\andbucos\PycharmProjects\pythonProject\Proiect\Tennis-Zone_BDD_Automation_Framework\venv\Lib\site-packages\selenium\webdriver\remote\webdriver.py", line 347, in execute
    self.error_handler.check_response(response)
  File "C:\Users\andbucos\PycharmProjects\pythonProject\Proiect\Tennis-Zone_BDD_Automation_Framework\venv\Lib\site-packages\selenium\webdriver\remote\errorhandler.py", line 229, in check_response
    raise exception_class(message, screen, stacktrace)
selenium.common.exceptions.NoSuchElementException: Message: no such element: Unable to locate element: {"method":"xpath","selector":"//input[@id="search"]"}
  (Session info: chrome=121.0.6167.160); For documentation on this error, please visit: https://www.selenium.dev/documentation/webdriver/troubleshooting/errors#no-such-element-exception
Stacktrace:
	GetHandleVerifier [0x00007FF60C615E42+3538674]
	(No symbol) [0x00007FF60C234C02]
	(No symbol) [0x00007FF60C0E5AEB]
	(No symbol) [0x00007FF60C12BF4E]
	(No symbol) [0x00007FF60C12C0CC]
	(No symbol) [0x00007FF60C16E477]
	(No symbol) [0x00007FF60C14F0EF]
	(No symbol) [0x00007FF60C16BDE3]
	(No symbol) [0x00007FF60C14EE53]
	(No symbol) [0x00007FF60C11F514]
	(No symbol) [0x00007FF60C120631]
	GetHandleVerifier [0x00007FF60C646CAD+3738973]
	GetHandleVerifier [0x00007FF60C69C506+4089270]
	GetHandleVerifier [0x00007FF60C694823+4057299]
	GetHandleVerifier [0x00007FF60C365C49+720121]
	(No symbol) [0x00007FF60C24126F]
	(No symbol) [0x00007FF60C23C304]
	(No symbol) [0x00007FF60C23C432]
	(No symbol) [0x00007FF60C22BD04]
	BaseThreadInitThunk [0x00007FF81BA07344+20]
	RtlUserThreadStart [0x00007FF81BC026B1+33]

</pre>    </span></li></ol><span /></div><div class="scenario"><span class="scenario_file">features/search.feature:16</span><span class="tag">@search</span><h3 onclick="Collapsible_toggle('scenario_15')" class="failed"><span class="val">Scenario Outline: Test search functionality -- @1.3 </span></h3><ol class="scenario_steps" id="scenario_15"><li class="step passed"><div class="step_name"><span class="keyword">Given </span><span class="step val">home: I am on home page</span><small class="step_duration">(5.920s)</small></div><div class="step_file"><span>steps/home_steps.py:4</span></div><span class="embed" /></li><li class="step failed"><div class="step_name"><span class="keyword">When </span><span class="step val"><span>home: I search after "</span><b>tricou</b><span>"</span></span><small class="step_duration">(6.065s)</small></div><div class="step_file"><span>steps/home_steps.py:19</span></div><span class="embed"><a onclick="Collapsible_toggle('embed_10')">Error Message</a><pre id="embed_10" style="display: none">Traceback (most recent call last):
  File "C:\Users\andbucos\PycharmProjects\pythonProject\Proiect\Tennis-Zone_BDD_Automation_Framework\venv\Lib\site-packages\behave\model.py", line 1329, in run
    match.run(runner.context)
  File "C:\Users\andbucos\PycharmProjects\pythonProject\Proiect\Tennis-Zone_BDD_Automation_Framework\venv\Lib\site-packages\behave\matchers.py", line 98, in run
    self.func(context, *args, **kwargs)
  File "steps\home_steps.py", line 21, in step_impl
    context.home_page.search_after(query)
  File "C:\Users\andbucos\PycharmProjects\pythonProject\Proiect\Tennis-Zone_BDD_Automation_Framework\pages\home_page.py", line 23, in search_after
    self.driver.find_element(*self.SEARCH_INPUT).send_keys(query)
    ^^^^^^^^^^^^^^^^^^^^^^^^^^^^^^^^^^^^^^^^^^^^
  File "C:\Users\andbucos\PycharmProjects\pythonProject\Proiect\Tennis-Zone_BDD_Automation_Framework\venv\Lib\site-packages\selenium\webdriver\remote\webdriver.py", line 741, in find_element
    return self.execute(Command.FIND_ELEMENT, {"using": by, "value": value})["value"]
           ^^^^^^^^^^^^^^^^^^^^^^^^^^^^^^^^^^^^^^^^^^^^^^^^^^^^^^^^^^^^^^^^^
  File "C:\Users\andbucos\PycharmProjects\pythonProject\Proiect\Tennis-Zone_BDD_Automation_Framework\venv\Lib\site-packages\selenium\webdriver\remote\webdriver.py", line 347, in execute
    self.error_handler.check_response(response)
  File "C:\Users\andbucos\PycharmProjects\pythonProject\Proiect\Tennis-Zone_BDD_Automation_Framework\venv\Lib\site-packages\selenium\webdriver\remote\errorhandler.py", line 229, in check_response
    raise exception_class(message, screen, stacktrace)
selenium.common.exceptions.NoSuchElementException: Message: no such element: Unable to locate element: {"method":"xpath","selector":"//input[@id="search"]"}
  (Session info: chrome=121.0.6167.160); For documentation on this error, please visit: https://www.selenium.dev/documentation/webdriver/troubleshooting/errors#no-such-element-exception
Stacktrace:
	GetHandleVerifier [0x00007FF60C615E42+3538674]
	(No symbol) [0x00007FF60C234C02]
	(No symbol) [0x00007FF60C0E5AEB]
	(No symbol) [0x00007FF60C12BF4E]
	(No symbol) [0x00007FF60C12C0CC]
	(No symbol) [0x00007FF60C16E477]
	(No symbol) [0x00007FF60C14F0EF]
	(No symbol) [0x00007FF60C16BDE3]
	(No symbol) [0x00007FF60C14EE53]
	(No symbol) [0x00007FF60C11F514]
	(No symbol) [0x00007FF60C120631]
	GetHandleVerifier [0x00007FF60C646CAD+3738973]
	GetHandleVerifier [0x00007FF60C69C506+4089270]
	GetHandleVerifier [0x00007FF60C694823+4057299]
	GetHandleVerifier [0x00007FF60C365C49+720121]
	(No symbol) [0x00007FF60C24126F]
	(No symbol) [0x00007FF60C23C304]
	(No symbol) [0x00007FF60C23C432]
	(No symbol) [0x00007FF60C22BD04]
	BaseThreadInitThunk [0x00007FF81BA07344+20]
	RtlUserThreadStart [0x00007FF81BC026B1+33]

</pre>    </span></li></ol><span /></div></div></body></html>